~/workspace/aifred$ npm run dev

> aifred@0.2.2 dev
> ts-node src/index.ts

/home/runner/workspace/aifred/node_modules/ts-node/src/index.ts:859
    return new TSError(diagnosticText, diagnosticCodes, diagnostics);
           ^
TSError: тип Unable to compile TypeScript:
src/index.ts:26:13 - error TS2820: Type '"gpt-4-mini"' is not assignable to type 'OpenAIModel | DeepSeekModel | GrokModel | GeminiModel'. Did you mean '"gpt-4o-mini"'?

26             name: "gpt-4-mini",
               ~~~~

  node_modules/@covalenthq/ai-agent-sdk/dist/core/llm/index.d.ts:9:5
    9     name: OpenAIModel;
          ~~~~
    The expected type comes from property 'name' which is declared here on type 'ModelConfig'
src/index.ts:38:46 - error TS2339: Property 'get' does not exist on type 'TokenBalancesTool'.

38         const balances = await tokenBalances.get("eth-mainnet", walletAddress);
                                                ~~~
src/index.ts:42:40 - error TS2339: Property 'get' does not exist on type 'NFTBalancesTool'.

42         const nfts = await nftHoldings.get("eth-mainnet", walletAddress);
                                          ~~~
src/index.ts:46:46 - error TS2339: Property 'get' does not exist on type 'TransactionsTool'.

46         const txHistory = await transactions.get("eth-mainnet", walletAddress);
                                                ~~~
src/index.ts:50:53 - error TS2339: Property 'get' does not exist on type 'HistoricalTokenPriceTool'.

50         const priceHistory = await historicalPrices.get("eth-mainnet", "ETH", "24h");
                                                       ~~~

    at createTSError (/home/runner/workspace/aifred/node_modules/ts-node/src/index.ts:859:12)
    at reportTSError (/home/runner/workspace/aifred/node_modules/ts-node/src/index.ts:863:19)
    at getOutput (/home/runner/workspace/aifred/node_modules/ts-node/src/index.ts:1077:36)
    at Object.compile (/home/runner/workspace/aifred/node_modules/ts-node/src/index.ts:1433:41)
    at Module.m._compile (/home/runner/workspace/aifred/node_modules/ts-node/src/index.ts:1617:30)
    at Module._extensions..js (node:internal/modules/cjs/loader:1548:10)
    at Object.require.extensions.<computed> [as .ts] (/home/runner/workspace/aifred/node_modules/ts-node/src/index.ts:1621:12)
    at Module.load (node:internal/modules/cjs/loader:1288:32)
    at Function.Module._load (node:internal/modules/cjs/loader:1104:12)
    at Function.executeUserEntryPoint [as runMain] (node:internal/modules/run_main:173:12) {
  diagnosticCodes: [ 2820, 2339, 2339, 2339, 2339 ]
}
ю║з Environment updated. Reloading shell...