~/workspace/aifred$ npm run dev

> aifred@0.2.2 dev
> ts-node src/index.ts

/home/runner/workspace/aifred/node_modules/ts-node/src/index.ts:859
    return new TSError(diagnosticText, diagnosticCodes, diagnostics);
           ^
TSError: тип Unable to compile TypeScript:
src/index.ts:19:5 - error TS2416: Property 'schema' in type 'LangChainFUDTool' is not assignable to the same property in base type 'Tool'.
  Type '{ type: string; properties: { analysis: { type: string; }; }; required: string[]; }' is missing the following properties from type 'ZodEffects<ZodObject<{ input: ZodOptional<ZodString>; }, "strip", ZodTypeAny, { input?: string | undefined; }, { input?: string | undefined; }>, string | undefined, { ...; }>': innerType, sourceType, _parse, _type, and 36 more.

19     schema = {
       ~~~~~~
src/index.ts:41:11 - error TS2416: Property 'call' in type 'LangChainFUDTool' is not assignable to the same property in base type 'Tool'.
  Type '(input: { analysis: string; }) => Promise<string>' is not assignable to type '(arg: string | ToolCall | input<this["schema"]> | undefined, callbacks?: RunnableConfig<Record<string, any>> | Callbacks | undefined) => Promise<...>'.
    Types of parameters 'input' and 'arg' are incompatible.
      Type 'string | ToolCall | input<this["schema"]> | undefined' is not assignable to type '{ analysis: string; }'.
        Type 'undefined' is not assignable to type '{ analysis: string; }'.

41     async call(input: { analysis: string }): Promise<string> {
             ~~~~
src/index.ts:83:9 - error TS2739: Type 'LangChainFUDTool' is missing the following properties from type 'Tool': id, _schema, _description, _execute, execute

83         langchainFUD: new LangChainFUDTool(),
           ~~~~~~~~~~~~

    at createTSError (/home/runner/workspace/aifred/node_modules/ts-node/src/index.ts:859:12)
    at reportTSError (/home/runner/workspace/aifred/node_modules/ts-node/src/index.ts:863:19)
    at getOutput (/home/runner/workspace/aifred/node_modules/ts-node/src/index.ts:1077:36)
    at Object.compile (/home/runner/workspace/aifred/node_modules/ts-node/src/index.ts:1433:41)
    at Module.m._compile (/home/runner/workspace/aifred/node_modules/ts-node/src/index.ts:1617:30)
    at Module._extensions..js (node:internal/modules/cjs/loader:1548:10)
    at Object.require.extensions.<computed> [as .ts] (/home/runner/workspace/aifred/node_modules/ts-node/src/index.ts:1621:12)
    at Module.load (node:internal/modules/cjs/loader:1288:32)
    at Function.Module._load (node:internal/modules/cjs/loader:1104:12)
    at Function.executeUserEntryPoint [as runMain] (node:internal/modules/run_main:173:12) {
  diagnosticCodes: [ 2416, 2416, 2739